<?xml version="1.0" encoding="UTF-8"?>
<testsuite xmlns:xsi="http://www.w3.org/2001/XMLSchema-instance" xsi:noNamespaceSchemaLocation="https://maven.apache.org/surefire/maven-surefire-plugin/xsd/surefire-test-report.xsd" name="uta.cse3310.AppTest" time="0.013" tests="1" errors="0" skipped="0" failures="0">
  <properties>
    <property name="java.specification.version" value="21"/>
    <property name="sun.jnu.encoding" value="UTF-8"/>
    <property name="java.class.path" value="/Users/ethan/school/software_3310/homework/group/3_phase/cse3310_sp24_group_10/target/test-classes:/Users/ethan/school/software_3310/homework/group/3_phase/cse3310_sp24_group_10/target/classes:/Users/ethan/.m2/repository/junit/junit/3.8.1/junit-3.8.1.jar:/Users/ethan/.m2/repository/com/google/code/gson/gson/2.9.1/gson-2.9.1.jar:/Users/ethan/.m2/repository/net/freeutils/jlhttp/2.6/jlhttp-2.6.jar:/Users/ethan/.m2/repository/org/java-websocket/Java-WebSocket/1.5.4/Java-WebSocket-1.5.4.jar:/Users/ethan/.m2/repository/org/slf4j/slf4j-api/2.0.6/slf4j-api-2.0.6.jar:"/>
    <property name="java.vm.vendor" value="Homebrew"/>
    <property name="sun.arch.data.model" value="64"/>
    <property name="java.vendor.url" value="https://github.com/Homebrew/homebrew-core/issues"/>
    <property name="os.name" value="Mac OS X"/>
    <property name="java.vm.specification.version" value="21"/>
    <property name="sun.java.launcher" value="SUN_STANDARD"/>
    <property name="user.country" value="US"/>
    <property name="sun.boot.library.path" value="/usr/local/Cellar/openjdk/21.0.2/libexec/openjdk.jdk/Contents/Home/lib"/>
    <property name="sun.java.command" value="/Users/ethan/school/software_3310/homework/group/3_phase/cse3310_sp24_group_10/target/surefire/surefirebooter14816636350360182045.jar /Users/ethan/school/software_3310/homework/group/3_phase/cse3310_sp24_group_10/target/surefire 2024-03-30T13-36-10_901-jvmRun1 surefire6410706618516567932tmp surefire_08008244958586457994tmp"/>
    <property name="http.nonProxyHosts" value="local|*.local|169.254/16|*.169.254/16"/>
    <property name="jdk.debug" value="release"/>
    <property name="surefire.test.class.path" value="/Users/ethan/school/software_3310/homework/group/3_phase/cse3310_sp24_group_10/target/test-classes:/Users/ethan/school/software_3310/homework/group/3_phase/cse3310_sp24_group_10/target/classes:/Users/ethan/.m2/repository/junit/junit/3.8.1/junit-3.8.1.jar:/Users/ethan/.m2/repository/com/google/code/gson/gson/2.9.1/gson-2.9.1.jar:/Users/ethan/.m2/repository/net/freeutils/jlhttp/2.6/jlhttp-2.6.jar:/Users/ethan/.m2/repository/org/java-websocket/Java-WebSocket/1.5.4/Java-WebSocket-1.5.4.jar:/Users/ethan/.m2/repository/org/slf4j/slf4j-api/2.0.6/slf4j-api-2.0.6.jar:"/>
    <property name="sun.cpu.endian" value="little"/>
    <property name="user.home" value="/Users/ethan"/>
    <property name="user.language" value="en"/>
    <property name="java.specification.vendor" value="Oracle Corporation"/>
    <property name="java.version.date" value="2024-01-16"/>
    <property name="java.home" value="/usr/local/Cellar/openjdk/21.0.2/libexec/openjdk.jdk/Contents/Home"/>
    <property name="file.separator" value="/"/>
    <property name="basedir" value="/Users/ethan/school/software_3310/homework/group/3_phase/cse3310_sp24_group_10"/>
    <property name="java.vm.compressedOopsMode" value="Zero based"/>
    <property name="line.separator" value="&#10;"/>
    <property name="java.vm.specification.vendor" value="Oracle Corporation"/>
    <property name="java.specification.name" value="Java Platform API Specification"/>
    <property name="apple.awt.application.name" value="ForkedBooter"/>
    <property name="surefire.real.class.path" value="/Users/ethan/school/software_3310/homework/group/3_phase/cse3310_sp24_group_10/target/surefire/surefirebooter14816636350360182045.jar"/>
    <property name="sun.management.compiler" value="HotSpot 64-Bit Tiered Compilers"/>
    <property name="ftp.nonProxyHosts" value="local|*.local|169.254/16|*.169.254/16"/>
    <property name="java.runtime.version" value="21.0.2"/>
    <property name="user.name" value="ethan"/>
    <property name="stdout.encoding" value="UTF-8"/>
    <property name="path.separator" value=":"/>
    <property name="os.version" value="13.2.1"/>
    <property name="java.runtime.name" value="OpenJDK Runtime Environment"/>
    <property name="file.encoding" value="UTF-8"/>
    <property name="java.vm.name" value="OpenJDK 64-Bit Server VM"/>
    <property name="java.vendor.version" value="Homebrew"/>
    <property name="localRepository" value="/Users/ethan/.m2/repository"/>
    <property name="java.vendor.url.bug" value="https://github.com/Homebrew/homebrew-core/issues"/>
    <property name="java.io.tmpdir" value="/var/folders/ht/2npvq2s51px21jjd_bpnwz780000gp/T/"/>
    <property name="java.version" value="21.0.2"/>
    <property name="user.dir" value="/Users/ethan/school/software_3310/homework/group/3_phase/cse3310_sp24_group_10"/>
    <property name="os.arch" value="x86_64"/>
    <property name="java.vm.specification.name" value="Java Virtual Machine Specification"/>
    <property name="native.encoding" value="UTF-8"/>
    <property name="java.library.path" value="/Users/ethan/Library/Java/Extensions:/Library/Java/Extensions:/Network/Library/Java/Extensions:/System/Library/Java/Extensions:/usr/lib/java:."/>
    <property name="java.vm.info" value="mixed mode, sharing"/>
    <property name="stderr.encoding" value="UTF-8"/>
    <property name="java.vendor" value="Homebrew"/>
    <property name="java.vm.version" value="21.0.2"/>
    <property name="sun.io.unicode.encoding" value="UnicodeBig"/>
    <property name="socksNonProxyHosts" value="local|*.local|169.254/16|*.169.254/16"/>
    <property name="java.class.version" value="65.0"/>
  </properties>
  <testcase name="testApp" classname="uta.cse3310.AppTest" time="0.003"/>
</testsuite>